Removed Pin From Net: NetName=GND Pin=P1-11
Removed Pin From Net: NetName=COL1 Pin=P1-12
Removed Pin From Net: NetName=COL2 Pin=P1-13
Removed Pin From Net: NetName=COL3 Pin=P1-14
Removed Pin From Net: NetName=COL4 Pin=P1-15
Removed Pin From Net: NetName=COL5 Pin=P1-16
Removed Pin From Net: NetName=COL6 Pin=P1-17
Removed Pin From Net: NetName=COL7 Pin=P1-18
Removed Pin From Net: NetName=COL8 Pin=P1-19
Added Component: Designator=C6(CAPR5-4X5)
Added Component: Designator=P4(HDR2X8_CEN)
Added Pin To Net: NetName=GND Pin=C6-1
Added Pin To Net: NetName=VCC Pin=C6-2
Added Pin To Net: NetName=VCC Pin=P1-11
Added Pin To Net: NetName=VCC Pin=P1-12
Added Pin To Net: NetName=VCC Pin=P1-13
Added Pin To Net: NetName=VCC Pin=P1-14
Added Pin To Net: NetName=VCC Pin=P1-15
Added Pin To Net: NetName=GND Pin=P1-16
Added Pin To Net: NetName=GND Pin=P1-17
Added Pin To Net: NetName=GND Pin=P1-18
Added Pin To Net: NetName=GND Pin=P1-19
Added Pin To Net: NetName=GND Pin=P1-20
Added Pin To Net: NetName=COL1 Pin=P4-1
Added Pin To Net: NetName=COL2 Pin=P4-2
Added Pin To Net: NetName=COL3 Pin=P4-3
Added Pin To Net: NetName=COL4 Pin=P4-4
Added Pin To Net: NetName=COL5 Pin=P4-5
Added Pin To Net: NetName=COL6 Pin=P4-6
Added Pin To Net: NetName=COL7 Pin=P4-7
Added Pin To Net: NetName=COL8 Pin=P4-8
Added Pin To Net: NetName=GNDADC Pin=P4-9
Added Pin To Net: NetName=GNDADC Pin=P4-10
Added Pin To Net: NetName=GNDADC Pin=P4-11
Added Pin To Net: NetName=GNDADC Pin=P4-12
Added Pin To Net: NetName=GNDADC Pin=P4-13
Added Pin To Net: NetName=GNDADC Pin=P4-14
Added Pin To Net: NetName=GNDADC Pin=P4-15
Added Pin To Net: NetName=GNDADC Pin=P4-16
Added Net: Name=GNDADC
