Removed Pin From Net: NetName=RED Pin=P8-1
Removed Pin From Net: NetName=BLUE Pin=P8-2
Removed Pin From Net: NetName=GREEN Pin=P8-3
Removed Pin From Net: NetName=GSCLK Pin=P8-4
Removed Pin From Net: NetName=BLANK Pin=P8-5
Removed Pin From Net: NetName=XLAT Pin=P8-6
Removed Pin From Net: NetName=SCLK Pin=P8-7
Removed Pin From Net: NetName=SIN Pin=P8-8
Removed Pin From Net: NetName=VPRG Pin=P8-9
Removed Pin From Net: NetName=VCC Pin=P8-10
Removed Pin From Net: NetName=COL1 Pin=P8-11
Removed Pin From Net: NetName=COL2 Pin=P8-12
Removed Pin From Net: NetName=COL3 Pin=P8-13
Removed Pin From Net: NetName=COL4 Pin=P8-14
Removed Pin From Net: NetName=COL5 Pin=P8-15
Removed Pin From Net: NetName=COL6 Pin=P8-16
Removed Pin From Net: NetName=COL7 Pin=P8-17
Removed Pin From Net: NetName=COL8 Pin=P8-18
Removed Pin From Net: NetName=GND Pin=P8-20
Added Pin To Net: NetName=VCC Pin=P8-1
Added Pin To Net: NetName=RED Pin=P8-2
Added Pin To Net: NetName=BLUE Pin=P8-3
Added Pin To Net: NetName=GREEN Pin=P8-4
Added Pin To Net: NetName=GSCLK Pin=P8-5
Added Pin To Net: NetName=BLANK Pin=P8-6
Added Pin To Net: NetName=XLAT Pin=P8-7
Added Pin To Net: NetName=SCLK Pin=P8-8
Added Pin To Net: NetName=SIN Pin=P8-9
Added Pin To Net: NetName=VPRG Pin=P8-10
Added Pin To Net: NetName=GND Pin=P8-11
Added Pin To Net: NetName=COL1 Pin=P8-12
Added Pin To Net: NetName=COL2 Pin=P8-13
Added Pin To Net: NetName=COL3 Pin=P8-14
Added Pin To Net: NetName=COL4 Pin=P8-15
Added Pin To Net: NetName=COL5 Pin=P8-16
Added Pin To Net: NetName=COL6 Pin=P8-17
Added Pin To Net: NetName=COL7 Pin=P8-18
Added Pin To Net: NetName=COL8 Pin=P8-19
